<?xml version="1.0" encoding="UTF-8"?>
<!-- Generated by org.testng.reporters.JUnitReportReporter -->
<testsuite hostname="SulfathRiyas" failures="0" tests="1" name="testpkg.Testnaukri" time="111.936" errors="0" timestamp="2023-09-27T18:38:47 IST" skipped="0">
  <testcase classname="testpkg.Testnaukri" name="setup" time="111.936"/>
</testsuite> <!-- testpkg.Testnaukri -->
